D:\Projects\MedicineTracking\MedicineTrackingSol\MedicineTrackingApp\ClientApp\dist\out-tsc\e2e\src\app.po.js
D:\Projects\MedicineTracking\MedicineTrackingSol\MedicineTrackingApp\ClientApp\dist\out-tsc\e2e\src\app.po.js.map
D:\Projects\MedicineTracking\MedicineTrackingSol\MedicineTrackingApp\ClientApp\dist\out-tsc\e2e\src\app.e2e-spec.js
D:\Projects\MedicineTracking\MedicineTrackingSol\MedicineTrackingApp\ClientApp\dist\out-tsc\e2e\src\app.e2e-spec.js.map
D:\Projects\MedicineTracking\MedicineTrackingSol\MedicineTrackingApp\ClientApp\dist\out-tsc\src\app\app-routing.module.js
D:\Projects\MedicineTracking\MedicineTrackingSol\MedicineTrackingApp\ClientApp\dist\out-tsc\src\app\app-routing.module.js.map
D:\Projects\MedicineTracking\MedicineTrackingSol\MedicineTrackingApp\ClientApp\dist\out-tsc\src\app\app.component.js
D:\Projects\MedicineTracking\MedicineTrackingSol\MedicineTrackingApp\ClientApp\dist\out-tsc\src\app\app.component.js.map
D:\Projects\MedicineTracking\MedicineTrackingSol\MedicineTrackingApp\ClientApp\dist\out-tsc\src\app\medicine.service.js
D:\Projects\MedicineTracking\MedicineTrackingSol\MedicineTrackingApp\ClientApp\dist\out-tsc\src\app\medicine.service.js.map
D:\Projects\MedicineTracking\MedicineTrackingSol\MedicineTrackingApp\ClientApp\dist\out-tsc\src\app\home\home.component.js
D:\Projects\MedicineTracking\MedicineTrackingSol\MedicineTrackingApp\ClientApp\dist\out-tsc\src\app\home\home.component.js.map
D:\Projects\MedicineTracking\MedicineTrackingSol\MedicineTrackingApp\ClientApp\dist\out-tsc\src\app\grid-medicine\grid-medicine.component.js
D:\Projects\MedicineTracking\MedicineTrackingSol\MedicineTrackingApp\ClientApp\dist\out-tsc\src\app\grid-medicine\grid-medicine.component.js.map
D:\Projects\MedicineTracking\MedicineTrackingSol\MedicineTrackingApp\ClientApp\dist\out-tsc\src\app\add-or-updatemedicine\add-or-updatemedicine.component.js
D:\Projects\MedicineTracking\MedicineTrackingSol\MedicineTrackingApp\ClientApp\dist\out-tsc\src\app\add-or-updatemedicine\add-or-updatemedicine.component.js.map
D:\Projects\MedicineTracking\MedicineTrackingSol\MedicineTrackingApp\ClientApp\dist\out-tsc\src\app\app.module.js
D:\Projects\MedicineTracking\MedicineTrackingSol\MedicineTrackingApp\ClientApp\dist\out-tsc\src\app\app.module.js.map
D:\Projects\MedicineTracking\MedicineTrackingSol\MedicineTrackingApp\ClientApp\dist\out-tsc\src\environments\environment.js
D:\Projects\MedicineTracking\MedicineTrackingSol\MedicineTrackingApp\ClientApp\dist\out-tsc\src\environments\environment.js.map
D:\Projects\MedicineTracking\MedicineTrackingSol\MedicineTrackingApp\ClientApp\dist\out-tsc\src\main.js
D:\Projects\MedicineTracking\MedicineTrackingSol\MedicineTrackingApp\ClientApp\dist\out-tsc\src\main.js.map
D:\Projects\MedicineTracking\MedicineTrackingSol\MedicineTrackingApp\ClientApp\dist\out-tsc\src\polyfills.js
D:\Projects\MedicineTracking\MedicineTrackingSol\MedicineTrackingApp\ClientApp\dist\out-tsc\src\polyfills.js.map
D:\Projects\MedicineTracking\MedicineTrackingSol\MedicineTrackingApp\ClientApp\dist\out-tsc\src\test.js
D:\Projects\MedicineTracking\MedicineTrackingSol\MedicineTrackingApp\ClientApp\dist\out-tsc\src\test.js.map
D:\Projects\MedicineTracking\MedicineTrackingSol\MedicineTrackingApp\ClientApp\dist\out-tsc\src\app\app.component.spec.js
D:\Projects\MedicineTracking\MedicineTrackingSol\MedicineTrackingApp\ClientApp\dist\out-tsc\src\app\app.component.spec.js.map
D:\Projects\MedicineTracking\MedicineTrackingSol\MedicineTrackingApp\ClientApp\dist\out-tsc\src\app\medicine.service.spec.js
D:\Projects\MedicineTracking\MedicineTrackingSol\MedicineTrackingApp\ClientApp\dist\out-tsc\src\app\medicine.service.spec.js.map
D:\Projects\MedicineTracking\MedicineTrackingSol\MedicineTrackingApp\ClientApp\dist\out-tsc\src\app\add-or-updatemedicine\add-or-updatemedicine.component.spec.js
D:\Projects\MedicineTracking\MedicineTrackingSol\MedicineTrackingApp\ClientApp\dist\out-tsc\src\app\add-or-updatemedicine\add-or-updatemedicine.component.spec.js.map
D:\Projects\MedicineTracking\MedicineTrackingSol\MedicineTrackingApp\ClientApp\dist\out-tsc\src\app\grid-medicine\grid-medicine.component.spec.js
D:\Projects\MedicineTracking\MedicineTrackingSol\MedicineTrackingApp\ClientApp\dist\out-tsc\src\app\grid-medicine\grid-medicine.component.spec.js.map
D:\Projects\MedicineTracking\MedicineTrackingSol\MedicineTrackingApp\ClientApp\dist\out-tsc\src\app\home\home.component.spec.js
D:\Projects\MedicineTracking\MedicineTrackingSol\MedicineTrackingApp\ClientApp\dist\out-tsc\src\app\home\home.component.spec.js.map
D:\Projects\MedicineTracking\MedicineTrackingSol\MedicineTrackingApp\ClientApp\dist\out-tsc\src\environments\environment.prod.js
D:\Projects\MedicineTracking\MedicineTrackingSol\MedicineTrackingApp\ClientApp\dist\out-tsc\src\environments\environment.prod.js.map
